0 info it worked if it ends with ok
1 verbose cli [ 'C:\\Users\\QuocAnhLapG9\\AppData\\Local\\Volta\\tools\\image\\node\\11.3.0\\node.exe',
1 verbose cli   'C:\\Users\\QuocAnhLapG9\\AppData\\Local\\Volta\\tools\\image\\npm\\3.10.10\\bin\\npm-cli.js',
1 verbose cli   'start' ]
2 info using npm@3.10.10
3 info using node@v11.3.0
4 verbose stack Error: missing script: start
4 verbose stack     at run (C:\Users\QuocAnhLapG9\AppData\Local\Volta\tools\image\npm\3.10.10\lib\run-script.js:151:19)
4 verbose stack     at C:\Users\QuocAnhLapG9\AppData\Local\Volta\tools\image\npm\3.10.10\lib\run-script.js:61:5
4 verbose stack     at C:\Users\QuocAnhLapG9\AppData\Local\Volta\tools\image\npm\3.10.10\node_modules\read-package-json\read-json.js:356:5
4 verbose stack     at checkBinReferences_ (C:\Users\QuocAnhLapG9\AppData\Local\Volta\tools\image\npm\3.10.10\node_modules\read-package-json\read-json.js:320:45)
4 verbose stack     at final (C:\Users\QuocAnhLapG9\AppData\Local\Volta\tools\image\npm\3.10.10\node_modules\read-package-json\read-json.js:354:3)
4 verbose stack     at then (C:\Users\QuocAnhLapG9\AppData\Local\Volta\tools\image\npm\3.10.10\node_modules\read-package-json\read-json.js:124:5)
4 verbose stack     at ReadFileContext.<anonymous> (C:\Users\QuocAnhLapG9\AppData\Local\Volta\tools\image\npm\3.10.10\node_modules\read-package-json\read-json.js:295:20)
4 verbose stack     at ReadFileContext.callback (C:\Users\QuocAnhLapG9\AppData\Local\Volta\tools\image\npm\3.10.10\node_modules\graceful-fs\graceful-fs.js:78:16)
4 verbose stack     at FSReqCallback.readFileAfterOpen [as oncomplete] (fs.js:245:13)
5 verbose cwd C:\Utix\simon\PO_UTIX-441\simon-offshore\premiumoutlets\htdocs\rinku\sp\summer-fashion-passport
6 error Windows_NT 10.0.26100
7 error argv "C:\\Users\\QuocAnhLapG9\\AppData\\Local\\Volta\\tools\\image\\node\\11.3.0\\node.exe" "C:\\Users\\QuocAnhLapG9\\AppData\\Local\\Volta\\tools\\image\\npm\\3.10.10\\bin\\npm-cli.js" "start"
8 error node v11.3.0
9 error npm  v3.10.10
10 error missing script: start
11 error If you need help, you may report this error at:
11 error     <https://github.com/npm/npm/issues>
12 verbose exit [ 1, true ]
